<?xml version="1.0" encoding="UTF-8"?>
<!-- Generated by org.testng.reporters.JUnitReportReporter -->
<testsuite hostname="DESKTOP-V338F0I" failures="0" tests="1" name="com.qa.testscripts.TC_W3SchoolAutomation_001" time="77.410" errors="0" timestamp="2021-09-27T18:35:32 IST" skipped="0">
  <testcase classname="com.qa.testscripts.TC_W3SchoolAutomation_001" name="framesAndAlertDemo" time="77.410"/>
  <system-out>
Default text is  size is 11 JavaScript Tutorial  </system-out>
</testsuite> <!-- com.qa.testscripts.TC_W3SchoolAutomation_001 -->
